<?xml version="1.0" encoding="UTF-8"?>
<!-- Generated by org.testng.reporters.JUnitReportReporter -->
<testsuite hostname="Dodo" failures="0" tests="1" name="com.CalleyTeamsFullSetup.NewTest" time="0.007" errors="0" timestamp="2025-01-17T00:36:48 IST" skipped="0">
  <testcase classname="com.CalleyTeamsFullSetup.NewTest" name="f" time="0.007"/>
  <system-out/>
</testsuite> <!-- com.CalleyTeamsFullSetup.NewTest -->
