<?xml version="1.0" encoding="UTF-8"?>
<!-- Generated by org.testng.reporters.JUnitReportReporter -->
<testsuite hostname="Dodo" failures="0" tests="1" name="com.CalleyTeamsFullSetup.AgentPage" time="15.977" errors="0" timestamp="2025-01-17T01:09:12 IST" skipped="0">
  <testcase classname="com.CalleyTeamsFullSetup.AgentPage" name="f" time="15.977"/>
  <system-out/>
</testsuite> <!-- com.CalleyTeamsFullSetup.AgentPage -->
