<?xml version="1.0" encoding="UTF-8"?>
<!-- Generated by org.testng.reporters.JUnitReportReporter -->
<testsuite hostname="Dodo" failures="0" tests="1" name="com.CalleyTeamsFullSetup.LoginPage" time="17.566" errors="0" timestamp="2025-01-17T01:09:12 IST" skipped="0">
  <testcase classname="com.CalleyTeamsFullSetup.LoginPage" name="f" time="17.566"/>
  <system-out/>
</testsuite> <!-- com.CalleyTeamsFullSetup.LoginPage -->
